<?xml version="1.0" encoding="UTF-8"?>
<!-- Generated by org.testng.reporters.JUnitReportReporter -->
<testsuite skipped="0" hostname="admin1-LIVA-Z2V" name="com.bridgelabz.restassuredbddframwork.GetCallBDD" tests="2" failures="0" timestamp="10 Jan 2020 05:43:00 GMT" time="8.574" errors="0">
  <testcase name="test_numberOfCircuits_2007" time="2.028" classname="com.bridgelabz.restassuredbddframwork.GetCallBDD"/>
  <testcase name="testGetWithContentType" time="6.546" classname="com.bridgelabz.restassuredbddframwork.GetCallBDD"/>
</testsuite> <!-- com.bridgelabz.restassuredbddframwork.GetCallBDD -->
