<?xml version="1.0" encoding="UTF-8"?>
<!-- Generated by org.testng.reporters.JUnitReportReporter -->
<testsuite skipped="0" hostname="admin1-LIVA-Z2V" name="com.bridgelabz.restassuredbddframwork.Authentication" tests="1" failures="0" timestamp="10 Jan 2020 09:34:11 GMT" time="2.193" errors="0">
  <testcase name="testWithAuthentication" time="2.193" classname="com.bridgelabz.restassuredbddframwork.Authentication"/>
</testsuite> <!-- com.bridgelabz.restassuredbddframwork.Authentication -->
