<?xml version="1.0" encoding="UTF-8"?>
<!-- Generated by org.testng.reporters.JUnitReportReporter -->
<testsuite skipped="0" hostname="admin1-LIVA-Z2V" name="com.bridgelabz.restassuredbddframwork.PostCallBDD" tests="1" failures="0" timestamp="10 Jan 2020 05:34:06 GMT" time="3.415" errors="0">
  <testcase name="testPostReq" time="3.415" classname="com.bridgelabz.restassuredbddframwork.PostCallBDD"/>
</testsuite> <!-- com.bridgelabz.restassuredbddframwork.PostCallBDD -->
